<?xml version="1.0" encoding="UTF-8"?>
<testng-results skipped="0" failed="0" ignored="0" total="1" passed="1">
  <reporter-output>
  </reporter-output>
  <suite name="Default suite" duration-ms="83007" started-at="2017-12-19T14:11:01Z" finished-at="2017-12-19T14:12:24Z">
    <groups>
    </groups>
    <test name="Default test" duration-ms="83007" started-at="2017-12-19T14:11:01Z" finished-at="2017-12-19T14:12:24Z">
      <class name="tests.StartApplication">
        <test-method status="PASS" signature="test01()[pri:0, instance:tests.StartApplication@4501b7af]" name="test01" duration-ms="82972" started-at="2017-12-19T19:41:01Z" finished-at="2017-12-19T19:42:24Z">
          <reporter-output>
          </reporter-output>
        </test-method> <!-- test01 -->
      </class> <!-- tests.StartApplication -->
    </test> <!-- Default test -->
  </suite> <!-- Default suite -->
</testng-results>
